Using pre-set license
Built from '2020.3/staging' branch; Version is '2020.3.17f1 (a4537701e4ab) revision 10769271'; Using compiler version '192528614'; Build Type 'Release'
OS: 'Windows 10 Home; OS build 19044.2006; Version 2009; 64bit' Language: 'ja' Physical Memory: 16230 MB
BatchMode: 1, IsHumanControllingUs: 0, StartBugReporterOnCrash: 0, Is64bit: 1, IsPro: 0

COMMAND LINE ARGUMENTS:
C:\Program Files\Unity\Hub\Editor\2020.3.17f1\Editor\Unity.exe
-adb2
-batchMode
-noUpm
-name
AssetImportWorker0
-projectPath
C:/Users/tetur/Documents/unity/TeaCupProject
-logFile
Logs/AssetImportWorker0.log
-srvPort
59297
Successfully changed project path to: C:/Users/tetur/Documents/unity/TeaCupProject
C:/Users/tetur/Documents/unity/TeaCupProject
Using Asset Import Pipeline V2.
Refreshing native plugins compatible for Editor in 630.94 ms, found 12 plugins.
Preloading 1 native plugins for Editor in 0.91 ms.
Initialize engine version: 2020.3.17f1 (a4537701e4ab)
[Subsystems] Discovering subsystems at path C:/Program Files/Unity/Hub/Editor/2020.3.17f1/Editor/Data/Resources/UnitySubsystems
[Subsystems] Discovering subsystems at path C:/Users/tetur/Documents/unity/TeaCupProject/Assets
GfxDevice: creating device client; threaded=0
Direct3D:
    Version:  Direct3D 11.0 [level 11.1]
    Renderer: NVIDIA GeForce RTX 2070 with Max-Q Design (ID=0x1f10)
    Vendor:   
    VRAM:     8031 MB
    Driver:   26.21.14.3081
Shader 'Oculus/OVRMRCameraFrameLit': fallback shader 'Alpha-Diffuse' not found
Initialize mono
Mono path[0] = 'C:/Program Files/Unity/Hub/Editor/2020.3.17f1/Editor/Data/Managed'
Mono path[1] = 'C:/Program Files/Unity/Hub/Editor/2020.3.17f1/Editor/Data/MonoBleedingEdge/lib/mono/unityjit'
Mono config path = 'C:/Program Files/Unity/Hub/Editor/2020.3.17f1/Editor/Data/MonoBleedingEdge/etc'
Using monoOptions --debugger-agent=transport=dt_socket,embedding=1,server=y,suspend=n,address=127.0.0.1:56560
Begin MonoManager ReloadAssembly
Registering precompiled unity dll's ...
Register platform support module: C:/Program Files/Unity/Hub/Editor/2020.3.17f1/Editor/Data/PlaybackEngines/WindowsStandaloneSupport/UnityEditor.WindowsStandalone.Extensions.dll
Registered in 0.002118 seconds.
Native extension for WindowsStandalone target not found
Refreshing native plugins compatible for Editor in 122.49 ms, found 12 plugins.
Preloading 1 native plugins for Editor in 0.07 ms.
Mono: successfully reloaded assembly
- Completed reload, in  3.480 seconds
Domain Reload Profiling:
	ReloadAssembly (3480ms)
		BeginReloadAssembly (69ms)
			ExecutionOrderSort (0ms)
			DisableScriptedObjects (0ms)
			BackupInstance (0ms)
			ReleaseScriptingObjects (0ms)
			CreateAndSetChildDomain (1ms)
		EndReloadAssembly (585ms)
			LoadAssemblies (66ms)
			RebuildTransferFunctionScriptingTraits (0ms)
			SetupTypeCache (182ms)
			ReleaseScriptCaches (0ms)
			RebuildScriptCaches (38ms)
			SetupLoadedEditorAssemblies (273ms)
				LogAssemblyErrors (0ms)
				InitializePlatformSupportModulesInManaged (5ms)
				SetLoadedEditorAssemblies (0ms)
				RefreshPlugins (123ms)
				BeforeProcessingInitializeOnLoad (10ms)
				ProcessInitializeOnLoadAttributes (94ms)
				ProcessInitializeOnLoadMethodAttributes (41ms)
				AfterProcessingInitializeOnLoad (0ms)
				EditorAssembliesLoaded (0ms)
			ExecutionOrderSort2 (0ms)
			AwakeInstancesAfterBackupRestoration (0ms)
Platform modules already initialized, skipping
Registering precompiled user dll's ...
Registered in 0.388312 seconds.
Begin MonoManager ReloadAssembly
Native extension for WindowsStandalone target not found
Refreshing native plugins compatible for Editor in 333.62 ms, found 12 plugins.
Preloading 1 native plugins for Editor in 0.08 ms.
[XR] OculusXRPlugin: registering subsystems
[XR] Unable to register display lifecyle provider: [1]
[XR] Oculus Input lifecycle provider registered.
[XR] Unable to register input lifecyle provider: [1]
[XR] OVRP version 1.74.0
Mono: successfully reloaded assembly
- Completed reload, in  2.159 seconds
Domain Reload Profiling:
	ReloadAssembly (2160ms)
		BeginReloadAssembly (196ms)
			ExecutionOrderSort (0ms)
			DisableScriptedObjects (7ms)
			BackupInstance (0ms)
			ReleaseScriptingObjects (0ms)
			CreateAndSetChildDomain (24ms)
		EndReloadAssembly (1873ms)
			LoadAssemblies (129ms)
			RebuildTransferFunctionScriptingTraits (0ms)
			SetupTypeCache (442ms)
			ReleaseScriptCaches (1ms)
			RebuildScriptCaches (95ms)
			SetupLoadedEditorAssemblies (949ms)
				LogAssemblyErrors (0ms)
				InitializePlatformSupportModulesInManaged (6ms)
				SetLoadedEditorAssemblies (0ms)
				RefreshPlugins (334ms)
				BeforeProcessingInitializeOnLoad (108ms)
				ProcessInitializeOnLoadAttributes (444ms)
				ProcessInitializeOnLoadMethodAttributes (47ms)
				AfterProcessingInitializeOnLoad (10ms)
				EditorAssembliesLoaded (0ms)
			ExecutionOrderSort2 (0ms)
			AwakeInstancesAfterBackupRestoration (8ms)
Platform modules already initialized, skipping
========================================================================
Worker process is ready to serve import requests
Shader 'Oculus/OVRMRCameraFrameLit': fallback shader 'Alpha-Diffuse' not found
Launched and connected shader compiler UnityShaderCompiler.exe after 0.11 seconds
Refreshing native plugins compatible for Editor in 1.46 ms, found 12 plugins.
Preloading 1 native plugins for Editor in 0.09 ms.
Unloading 3459 Unused Serialized files (Serialized files now loaded: 0)
System memory in use before: 163.5 MB.
System memory in use after: 163.7 MB.

Unloading 65 unused Assets to reduce memory usage. Loaded Objects now: 3903.
Total: 4.657400 ms (FindLiveObjects: 0.394000 ms CreateObjectMapping: 0.194300 ms MarkObjects: 3.946400 ms  DeleteObjects: 0.121300 ms)

AssetImportParameters requested are different than current active one (requested -> active):
  custom:framework-win-MediaFoundation: 216162199b28c13a410421893ffa2e32 -> 
  custom:video-decoder-ogg-theora: a1e56fd34408186e4bbccfd4996cb3dc -> 
  custom:container-muxer-webm: aa71ff27fc2769a1b78a27578f13a17b -> 
  custom:container-demuxer-webm: 4f35f7cbe854078d1ac9338744f61a02 -> 
  custom:container-demuxer-ogg: 62fdf1f143b41e24485cea50d1cbac27 -> 
  custom:video-encoder-webm-vp8: eb34c28f22e8b96e1ab97ce403110664 -> 
  custom:video-decoder-webm-vp8: 9c59270c3fd7afecdb556c50c9e8de78 -> 
  custom:audio-decoder-ogg-vorbis: bf7c407c2cedff20999df2af8eb42d56 -> 
  custom:audio-encoder-webm-vorbis: bf7c407c2cedff20999df2af8eb42d56 -> 
========================================================================
Received Prepare
Registering precompiled user dll's ...
Registered in 0.013614 seconds.
Begin MonoManager ReloadAssembly
Native extension for WindowsStandalone target not found
Refreshing native plugins compatible for Editor in 1.51 ms, found 12 plugins.
Preloading 1 native plugins for Editor in 0.11 ms.
Mono: successfully reloaded assembly
- Completed reload, in  1.539 seconds
Domain Reload Profiling:
	ReloadAssembly (1540ms)
		BeginReloadAssembly (147ms)
			ExecutionOrderSort (0ms)
			DisableScriptedObjects (5ms)
			BackupInstance (0ms)
			ReleaseScriptingObjects (0ms)
			CreateAndSetChildDomain (47ms)
		EndReloadAssembly (1308ms)
			LoadAssemblies (140ms)
			RebuildTransferFunctionScriptingTraits (0ms)
			SetupTypeCache (454ms)
			ReleaseScriptCaches (1ms)
			RebuildScriptCaches (58ms)
			SetupLoadedEditorAssemblies (495ms)
				LogAssemblyErrors (0ms)
				InitializePlatformSupportModulesInManaged (5ms)
				SetLoadedEditorAssemblies (1ms)
				RefreshPlugins (2ms)
				BeforeProcessingInitializeOnLoad (75ms)
				ProcessInitializeOnLoadAttributes (374ms)
				ProcessInitializeOnLoadMethodAttributes (32ms)
				AfterProcessingInitializeOnLoad (8ms)
				EditorAssembliesLoaded (0ms)
			ExecutionOrderSort2 (0ms)
			AwakeInstancesAfterBackupRestoration (10ms)
Platform modules already initialized, skipping
Shader 'Oculus/OVRMRCameraFrameLit': fallback shader 'Alpha-Diffuse' not found
Refreshing native plugins compatible for Editor in 1.52 ms, found 12 plugins.
Preloading 1 native plugins for Editor in 0.08 ms.
Unloading 3336 Unused Serialized files (Serialized files now loaded: 0)
System memory in use before: 153.1 MB.
System memory in use after: 153.3 MB.

Unloading 61 unused Assets to reduce memory usage. Loaded Objects now: 3904.
Total: 5.780600 ms (FindLiveObjects: 0.598300 ms CreateObjectMapping: 0.251300 ms MarkObjects: 4.826200 ms  DeleteObjects: 0.103100 ms)

AssetImportParameters requested are different than current active one (requested -> active):
  custom:framework-win-MediaFoundation: 216162199b28c13a410421893ffa2e32 -> 
  custom:video-decoder-ogg-theora: a1e56fd34408186e4bbccfd4996cb3dc -> 
  custom:container-muxer-webm: aa71ff27fc2769a1b78a27578f13a17b -> 
  custom:container-demuxer-webm: 4f35f7cbe854078d1ac9338744f61a02 -> 
  custom:container-demuxer-ogg: 62fdf1f143b41e24485cea50d1cbac27 -> 
  custom:video-encoder-webm-vp8: eb34c28f22e8b96e1ab97ce403110664 -> 
  custom:video-decoder-webm-vp8: 9c59270c3fd7afecdb556c50c9e8de78 -> 
  custom:audio-decoder-ogg-vorbis: bf7c407c2cedff20999df2af8eb42d56 -> 
  custom:audio-encoder-webm-vorbis: bf7c407c2cedff20999df2af8eb42d56 -> 
========================================================================
Received Prepare
Registering precompiled user dll's ...
Registered in 0.013258 seconds.
Begin MonoManager ReloadAssembly
Native extension for WindowsStandalone target not found
Refreshing native plugins compatible for Editor in 1.57 ms, found 12 plugins.
Preloading 1 native plugins for Editor in 0.10 ms.
Mono: successfully reloaded assembly
- Completed reload, in  1.464 seconds
Domain Reload Profiling:
	ReloadAssembly (1464ms)
		BeginReloadAssembly (142ms)
			ExecutionOrderSort (0ms)
			DisableScriptedObjects (6ms)
			BackupInstance (0ms)
			ReleaseScriptingObjects (0ms)
			CreateAndSetChildDomain (43ms)
		EndReloadAssembly (1242ms)
			LoadAssemblies (120ms)
			RebuildTransferFunctionScriptingTraits (0ms)
			SetupTypeCache (402ms)
			ReleaseScriptCaches (1ms)
			RebuildScriptCaches (59ms)
			SetupLoadedEditorAssemblies (503ms)
				LogAssemblyErrors (0ms)
				InitializePlatformSupportModulesInManaged (5ms)
				SetLoadedEditorAssemblies (1ms)
				RefreshPlugins (2ms)
				BeforeProcessingInitializeOnLoad (83ms)
				ProcessInitializeOnLoadAttributes (373ms)
				ProcessInitializeOnLoadMethodAttributes (30ms)
				AfterProcessingInitializeOnLoad (8ms)
				EditorAssembliesLoaded (0ms)
			ExecutionOrderSort2 (0ms)
			AwakeInstancesAfterBackupRestoration (9ms)
Platform modules already initialized, skipping
Shader 'Oculus/OVRMRCameraFrameLit': fallback shader 'Alpha-Diffuse' not found
Refreshing native plugins compatible for Editor in 1.71 ms, found 12 plugins.
Preloading 1 native plugins for Editor in 0.10 ms.
Unloading 3336 Unused Serialized files (Serialized files now loaded: 0)
System memory in use before: 153.1 MB.
System memory in use after: 153.3 MB.

Unloading 59 unused Assets to reduce memory usage. Loaded Objects now: 3907.
Total: 4.475500 ms (FindLiveObjects: 0.340600 ms CreateObjectMapping: 0.213500 ms MarkObjects: 3.810500 ms  DeleteObjects: 0.109300 ms)

AssetImportParameters requested are different than current active one (requested -> active):
  custom:framework-win-MediaFoundation: 216162199b28c13a410421893ffa2e32 -> 
  custom:video-decoder-ogg-theora: a1e56fd34408186e4bbccfd4996cb3dc -> 
  custom:container-muxer-webm: aa71ff27fc2769a1b78a27578f13a17b -> 
  custom:container-demuxer-webm: 4f35f7cbe854078d1ac9338744f61a02 -> 
  custom:container-demuxer-ogg: 62fdf1f143b41e24485cea50d1cbac27 -> 
  custom:video-encoder-webm-vp8: eb34c28f22e8b96e1ab97ce403110664 -> 
  custom:video-decoder-webm-vp8: 9c59270c3fd7afecdb556c50c9e8de78 -> 
  custom:audio-decoder-ogg-vorbis: bf7c407c2cedff20999df2af8eb42d56 -> 
  custom:audio-encoder-webm-vorbis: bf7c407c2cedff20999df2af8eb42d56 -> 
========================================================================
Received Prepare
Registering precompiled user dll's ...
Registered in 0.014262 seconds.
Begin MonoManager ReloadAssembly
Native extension for WindowsStandalone target not found
Refreshing native plugins compatible for Editor in 1.79 ms, found 12 plugins.
Preloading 1 native plugins for Editor in 0.14 ms.
Mono: successfully reloaded assembly
- Completed reload, in  1.750 seconds
Domain Reload Profiling:
	ReloadAssembly (1751ms)
		BeginReloadAssembly (140ms)
			ExecutionOrderSort (0ms)
			DisableScriptedObjects (7ms)
			BackupInstance (0ms)
			ReleaseScriptingObjects (0ms)
			CreateAndSetChildDomain (44ms)
		EndReloadAssembly (1527ms)
			LoadAssemblies (133ms)
			RebuildTransferFunctionScriptingTraits (0ms)
			SetupTypeCache (473ms)
			ReleaseScriptCaches (1ms)
			RebuildScriptCaches (70ms)
			SetupLoadedEditorAssemblies (661ms)
				LogAssemblyErrors (0ms)
				InitializePlatformSupportModulesInManaged (5ms)
				SetLoadedEditorAssemblies (1ms)
				RefreshPlugins (2ms)
				BeforeProcessingInitializeOnLoad (88ms)
				ProcessInitializeOnLoadAttributes (511ms)
				ProcessInitializeOnLoadMethodAttributes (46ms)
				AfterProcessingInitializeOnLoad (9ms)
				EditorAssembliesLoaded (0ms)
			ExecutionOrderSort2 (0ms)
			AwakeInstancesAfterBackupRestoration (14ms)
Platform modules already initialized, skipping
Shader 'Oculus/OVRMRCameraFrameLit': fallback shader 'Alpha-Diffuse' not found
Refreshing native plugins compatible for Editor in 1.53 ms, found 12 plugins.
Preloading 1 native plugins for Editor in 0.11 ms.
Unloading 3336 Unused Serialized files (Serialized files now loaded: 0)
System memory in use before: 153.1 MB.
System memory in use after: 153.4 MB.

Unloading 59 unused Assets to reduce memory usage. Loaded Objects now: 3910.
Total: 5.594800 ms (FindLiveObjects: 0.565000 ms CreateObjectMapping: 0.241100 ms MarkObjects: 4.666200 ms  DeleteObjects: 0.121100 ms)

AssetImportParameters requested are different than current active one (requested -> active):
  custom:framework-win-MediaFoundation: 216162199b28c13a410421893ffa2e32 -> 
  custom:video-decoder-ogg-theora: a1e56fd34408186e4bbccfd4996cb3dc -> 
  custom:container-muxer-webm: aa71ff27fc2769a1b78a27578f13a17b -> 
  custom:container-demuxer-webm: 4f35f7cbe854078d1ac9338744f61a02 -> 
  custom:container-demuxer-ogg: 62fdf1f143b41e24485cea50d1cbac27 -> 
  custom:video-encoder-webm-vp8: eb34c28f22e8b96e1ab97ce403110664 -> 
  custom:video-decoder-webm-vp8: 9c59270c3fd7afecdb556c50c9e8de78 -> 
  custom:audio-decoder-ogg-vorbis: bf7c407c2cedff20999df2af8eb42d56 -> 
  custom:audio-encoder-webm-vorbis: bf7c407c2cedff20999df2af8eb42d56 -> 
========================================================================
Received Prepare
Registering precompiled user dll's ...
Registered in 0.016208 seconds.
Begin MonoManager ReloadAssembly
Native extension for WindowsStandalone target not found
Refreshing native plugins compatible for Editor in 3.82 ms, found 12 plugins.
Preloading 1 native plugins for Editor in 0.13 ms.
Mono: successfully reloaded assembly
- Completed reload, in  1.838 seconds
Domain Reload Profiling:
	ReloadAssembly (1839ms)
		BeginReloadAssembly (177ms)
			ExecutionOrderSort (0ms)
			DisableScriptedObjects (6ms)
			BackupInstance (0ms)
			ReleaseScriptingObjects (0ms)
			CreateAndSetChildDomain (60ms)
		EndReloadAssembly (1569ms)
			LoadAssemblies (152ms)
			RebuildTransferFunctionScriptingTraits (0ms)
			SetupTypeCache (520ms)
			ReleaseScriptCaches (1ms)
			RebuildScriptCaches (62ms)
			SetupLoadedEditorAssemblies (630ms)
				LogAssemblyErrors (0ms)
				InitializePlatformSupportModulesInManaged (6ms)
				SetLoadedEditorAssemblies (1ms)
				RefreshPlugins (4ms)
				BeforeProcessingInitializeOnLoad (97ms)
				ProcessInitializeOnLoadAttributes (473ms)
				ProcessInitializeOnLoadMethodAttributes (39ms)
				AfterProcessingInitializeOnLoad (9ms)
				EditorAssembliesLoaded (0ms)
			ExecutionOrderSort2 (0ms)
			AwakeInstancesAfterBackupRestoration (12ms)
Platform modules already initialized, skipping
Shader 'Oculus/OVRMRCameraFrameLit': fallback shader 'Alpha-Diffuse' not found
Refreshing native plugins compatible for Editor in 2.33 ms, found 12 plugins.
Preloading 1 native plugins for Editor in 0.11 ms.
Unloading 3336 Unused Serialized files (Serialized files now loaded: 0)
System memory in use before: 153.2 MB.
System memory in use after: 153.4 MB.

Unloading 59 unused Assets to reduce memory usage. Loaded Objects now: 3913.
Total: 5.560500 ms (FindLiveObjects: 0.469700 ms CreateObjectMapping: 0.259800 ms MarkObjects: 4.634800 ms  DeleteObjects: 0.194400 ms)

AssetImportParameters requested are different than current active one (requested -> active):
  custom:framework-win-MediaFoundation: 216162199b28c13a410421893ffa2e32 -> 
  custom:video-decoder-ogg-theora: a1e56fd34408186e4bbccfd4996cb3dc -> 
  custom:container-muxer-webm: aa71ff27fc2769a1b78a27578f13a17b -> 
  custom:container-demuxer-webm: 4f35f7cbe854078d1ac9338744f61a02 -> 
  custom:container-demuxer-ogg: 62fdf1f143b41e24485cea50d1cbac27 -> 
  custom:video-encoder-webm-vp8: eb34c28f22e8b96e1ab97ce403110664 -> 
  custom:video-decoder-webm-vp8: 9c59270c3fd7afecdb556c50c9e8de78 -> 
  custom:audio-decoder-ogg-vorbis: bf7c407c2cedff20999df2af8eb42d56 -> 
  custom:audio-encoder-webm-vorbis: bf7c407c2cedff20999df2af8eb42d56 -> 
========================================================================
Received Prepare
Registering precompiled user dll's ...
Registered in 0.012820 seconds.
Begin MonoManager ReloadAssembly
Native extension for WindowsStandalone target not found
Refreshing native plugins compatible for Editor in 2.16 ms, found 12 plugins.
Preloading 1 native plugins for Editor in 0.15 ms.
Mono: successfully reloaded assembly
- Completed reload, in  2.761 seconds
Domain Reload Profiling:
	ReloadAssembly (2762ms)
		BeginReloadAssembly (213ms)
			ExecutionOrderSort (0ms)
			DisableScriptedObjects (10ms)
			BackupInstance (0ms)
			ReleaseScriptingObjects (0ms)
			CreateAndSetChildDomain (70ms)
		EndReloadAssembly (2446ms)
			LoadAssemblies (166ms)
			RebuildTransferFunctionScriptingTraits (0ms)
			SetupTypeCache (855ms)
			ReleaseScriptCaches (1ms)
			RebuildScriptCaches (86ms)
			SetupLoadedEditorAssemblies (1024ms)
				LogAssemblyErrors (0ms)
				InitializePlatformSupportModulesInManaged (6ms)
				SetLoadedEditorAssemblies (1ms)
				RefreshPlugins (2ms)
				BeforeProcessingInitializeOnLoad (132ms)
				ProcessInitializeOnLoadAttributes (819ms)
				ProcessInitializeOnLoadMethodAttributes (48ms)
				AfterProcessingInitializeOnLoad (15ms)
				EditorAssembliesLoaded (1ms)
			ExecutionOrderSort2 (0ms)
			AwakeInstancesAfterBackupRestoration (17ms)
Platform modules already initialized, skipping
Shader 'Oculus/OVRMRCameraFrameLit': fallback shader 'Alpha-Diffuse' not found
Refreshing native plugins compatible for Editor in 1.63 ms, found 12 plugins.
Preloading 1 native plugins for Editor in 0.10 ms.
Unloading 3336 Unused Serialized files (Serialized files now loaded: 0)
System memory in use before: 153.2 MB.
System memory in use after: 153.4 MB.

Unloading 59 unused Assets to reduce memory usage. Loaded Objects now: 3916.
Total: 5.723800 ms (FindLiveObjects: 0.673000 ms CreateObjectMapping: 0.295900 ms MarkObjects: 4.597500 ms  DeleteObjects: 0.154900 ms)

AssetImportParameters requested are different than current active one (requested -> active):
  custom:framework-win-MediaFoundation: 216162199b28c13a410421893ffa2e32 -> 
  custom:video-decoder-ogg-theora: a1e56fd34408186e4bbccfd4996cb3dc -> 
  custom:container-muxer-webm: aa71ff27fc2769a1b78a27578f13a17b -> 
  custom:container-demuxer-webm: 4f35f7cbe854078d1ac9338744f61a02 -> 
  custom:container-demuxer-ogg: 62fdf1f143b41e24485cea50d1cbac27 -> 
  custom:video-encoder-webm-vp8: eb34c28f22e8b96e1ab97ce403110664 -> 
  custom:video-decoder-webm-vp8: 9c59270c3fd7afecdb556c50c9e8de78 -> 
  custom:audio-decoder-ogg-vorbis: bf7c407c2cedff20999df2af8eb42d56 -> 
  custom:audio-encoder-webm-vorbis: bf7c407c2cedff20999df2af8eb42d56 -> 
========================================================================
Received Import Request.
  path: Assets/Scripts/New Lighting Settings.lighting
  artifactKey: Guid(8626fe48dbf268d498e62ad537bbcedf) Importer(815301076,1909f56bfc062723c751e8b465ee728b)
Start importing Assets/Scripts/New Lighting Settings.lighting using Guid(8626fe48dbf268d498e62ad537bbcedf) Importer(815301076,1909f56bfc062723c751e8b465ee728b)  -> (artifact id: '55dff3b9dad3ba9f78fc579f71b52a68') in 0.083942 seconds 
  Import took 0.093431 seconds .

========================================================================
Received Prepare
Registering precompiled user dll's ...
Registered in 0.013653 seconds.
Begin MonoManager ReloadAssembly
Native extension for WindowsStandalone target not found
Refreshing native plugins compatible for Editor in 1.71 ms, found 12 plugins.
Preloading 1 native plugins for Editor in 0.12 ms.
Mono: successfully reloaded assembly
- Completed reload, in  1.918 seconds
Domain Reload Profiling:
	ReloadAssembly (1919ms)
		BeginReloadAssembly (169ms)
			ExecutionOrderSort (0ms)
			DisableScriptedObjects (7ms)
			BackupInstance (0ms)
			ReleaseScriptingObjects (0ms)
			CreateAndSetChildDomain (58ms)
		EndReloadAssembly (1631ms)
			LoadAssemblies (156ms)
			RebuildTransferFunctionScriptingTraits (0ms)
			SetupTypeCache (543ms)
			ReleaseScriptCaches (1ms)
			RebuildScriptCaches (66ms)
			SetupLoadedEditorAssemblies (649ms)
				LogAssemblyErrors (0ms)
				InitializePlatformSupportModulesInManaged (5ms)
				SetLoadedEditorAssemblies (1ms)
				RefreshPlugins (2ms)
				BeforeProcessingInitializeOnLoad (100ms)
				ProcessInitializeOnLoadAttributes (502ms)
				ProcessInitializeOnLoadMethodAttributes (30ms)
				AfterProcessingInitializeOnLoad (9ms)
				EditorAssembliesLoaded (0ms)
			ExecutionOrderSort2 (0ms)
			AwakeInstancesAfterBackupRestoration (11ms)
Platform modules already initialized, skipping
Shader 'Oculus/OVRMRCameraFrameLit': fallback shader 'Alpha-Diffuse' not found
Refreshing native plugins compatible for Editor in 1.83 ms, found 12 plugins.
Preloading 1 native plugins for Editor in 0.10 ms.
Unloading 3336 Unused Serialized files (Serialized files now loaded: 0)
System memory in use before: 153.2 MB.
System memory in use after: 153.4 MB.

Unloading 59 unused Assets to reduce memory usage. Loaded Objects now: 3919.
Total: 4.331200 ms (FindLiveObjects: 0.395100 ms CreateObjectMapping: 0.168100 ms MarkObjects: 3.655500 ms  DeleteObjects: 0.111400 ms)

AssetImportParameters requested are different than current active one (requested -> active):
  custom:framework-win-MediaFoundation: 216162199b28c13a410421893ffa2e32 -> 
  custom:video-decoder-ogg-theora: a1e56fd34408186e4bbccfd4996cb3dc -> 
  custom:container-muxer-webm: aa71ff27fc2769a1b78a27578f13a17b -> 
  custom:container-demuxer-webm: 4f35f7cbe854078d1ac9338744f61a02 -> 
  custom:container-demuxer-ogg: 62fdf1f143b41e24485cea50d1cbac27 -> 
  custom:video-encoder-webm-vp8: eb34c28f22e8b96e1ab97ce403110664 -> 
  custom:video-decoder-webm-vp8: 9c59270c3fd7afecdb556c50c9e8de78 -> 
  custom:audio-decoder-ogg-vorbis: bf7c407c2cedff20999df2af8eb42d56 -> 
  custom:audio-encoder-webm-vorbis: bf7c407c2cedff20999df2af8eb42d56 -> 
========================================================================
Received Import Request.
  Time since last request: 423.508538 seconds.
  path: Assets/Amusement Park/Models/Attractions/Cable Railway
  artifactKey: Guid(f4e49d818e40e4243a2025273c8dc6de) Importer(815301076,1909f56bfc062723c751e8b465ee728b)
Start importing Assets/Amusement Park/Models/Attractions/Cable Railway using Guid(f4e49d818e40e4243a2025273c8dc6de) Importer(815301076,1909f56bfc062723c751e8b465ee728b)  -> (artifact id: 'efc592a625555ce7f95a6b692ed5b6e6') in 0.011420 seconds 
  Import took 0.017044 seconds .

========================================================================
Received Import Request.
  Time since last request: 0.000833 seconds.
  path: Assets/Amusement Park/Models/Attractions/Cable Railway
  artifactKey: Guid(f4e49d818e40e4243a2025273c8dc6de) Importer(815301076,1909f56bfc062723c751e8b465ee728b)
Start importing Assets/Amusement Park/Models/Attractions/Cable Railway using Guid(f4e49d818e40e4243a2025273c8dc6de) Importer(815301076,1909f56bfc062723c751e8b465ee728b)  -> (artifact id: 'efc592a625555ce7f95a6b692ed5b6e6') in 0.002366 seconds 
  Import took 0.008300 seconds .

========================================================================
Received Import Request.
  Time since last request: 1.772678 seconds.
  path: Assets/Amusement Park/Models/Attractions/Cable Railway/Cable_Railway_A.fbx
  artifactKey: Guid(8ccdbe3e578b59844b9a4d5435c92477) Importer(815301076,1909f56bfc062723c751e8b465ee728b)
Start importing Assets/Amusement Park/Models/Attractions/Cable Railway/Cable_Railway_A.fbx using Guid(8ccdbe3e578b59844b9a4d5435c92477) Importer(815301076,1909f56bfc062723c751e8b465ee728b)  -> (artifact id: '9a3b7aa255739c8b6038ffeaca9cd174') in 0.222638 seconds 
  Import took 0.228236 seconds .

========================================================================
Received Import Request.
  Time since last request: 0.873768 seconds.
  path: Assets/Amusement Park/Models/Attractions/Cable Railway/Cable_Railway_B.fbx
  artifactKey: Guid(723829a1f6d3051489bca24a10269c39) Importer(815301076,1909f56bfc062723c751e8b465ee728b)
Start importing Assets/Amusement Park/Models/Attractions/Cable Railway/Cable_Railway_B.fbx using Guid(723829a1f6d3051489bca24a10269c39) Importer(815301076,1909f56bfc062723c751e8b465ee728b)  -> (artifact id: 'cec16bdd180a438c56ed2269d6e72233') in 0.028994 seconds 
  Import took 0.035234 seconds .

========================================================================
Received Import Request.
  Time since last request: 0.000281 seconds.
  path: Assets/Amusement Park/Models/Attractions/Cable Railway/Cable_Railway_B.fbx
  artifactKey: Guid(723829a1f6d3051489bca24a10269c39) Importer(815301076,1909f56bfc062723c751e8b465ee728b)
Start importing Assets/Amusement Park/Models/Attractions/Cable Railway/Cable_Railway_B.fbx using Guid(723829a1f6d3051489bca24a10269c39) Importer(815301076,1909f56bfc062723c751e8b465ee728b)  -> (artifact id: 'cec16bdd180a438c56ed2269d6e72233') in 0.025012 seconds 
  Import took 0.031451 seconds .

========================================================================
Received Import Request.
  Time since last request: 0.536532 seconds.
  path: Assets/Amusement Park/Models/Attractions/Cable Railway/Cable_Railway_C_Right.fbx
  artifactKey: Guid(ab6298375b8747045a62177f85e5591f) Importer(815301076,1909f56bfc062723c751e8b465ee728b)
Start importing Assets/Amusement Park/Models/Attractions/Cable Railway/Cable_Railway_C_Right.fbx using Guid(ab6298375b8747045a62177f85e5591f) Importer(815301076,1909f56bfc062723c751e8b465ee728b)  -> (artifact id: '9b86d3fbed44cb262a633f13cbc87b05') in 0.027276 seconds 
  Import took 0.033669 seconds .

========================================================================
Received Import Request.
  Time since last request: 0.427507 seconds.
  path: Assets/Amusement Park/Models/Attractions/Cable Railway/Cable_Railway_Cabin_2.fbx
  artifactKey: Guid(562efa7b470bea948a25459f93cbb72f) Importer(815301076,1909f56bfc062723c751e8b465ee728b)
Start importing Assets/Amusement Park/Models/Attractions/Cable Railway/Cable_Railway_Cabin_2.fbx using Guid(562efa7b470bea948a25459f93cbb72f) Importer(815301076,1909f56bfc062723c751e8b465ee728b)  -> (artifact id: '9dd66f87ebc288f2151e06325cbfb1d1') in 0.028720 seconds 
  Import took 0.035010 seconds .

========================================================================
Received Import Request.
  Time since last request: 0.412310 seconds.
  path: Assets/Amusement Park/Models/Attractions/Cable Railway/Cable_Railway_Station.fbx
  artifactKey: Guid(8e3edf51f092e7843a6a5546db901708) Importer(815301076,1909f56bfc062723c751e8b465ee728b)
Start importing Assets/Amusement Park/Models/Attractions/Cable Railway/Cable_Railway_Station.fbx using Guid(8e3edf51f092e7843a6a5546db901708) Importer(815301076,1909f56bfc062723c751e8b465ee728b)  -> (artifact id: 'e1ca648ac6e2a990bd0737be3c7910f9') in 0.030154 seconds 
  Import took 0.037557 seconds .

========================================================================
Received Import Request.
  Time since last request: 6.366841 seconds.
  path: Assets/Amusement Park/Models/Attractions/Other Rides/RoadTrain_C.fbx
  artifactKey: Guid(c7c7a2b79431f664ea864857b184fb6d) Importer(815301076,1909f56bfc062723c751e8b465ee728b)
Start importing Assets/Amusement Park/Models/Attractions/Other Rides/RoadTrain_C.fbx using Guid(c7c7a2b79431f664ea864857b184fb6d) Importer(815301076,1909f56bfc062723c751e8b465ee728b)  -> (artifact id: 'f0b8ea2d805a9bc3894590ddc2db0063') in 0.048895 seconds 
  Import took 0.055899 seconds .

========================================================================
Received Import Request.
  Time since last request: 0.587527 seconds.
  path: Assets/Amusement Park/Models/Attractions/Other Rides/RoadTrain_B.fbx
  artifactKey: Guid(b0c87dbbc4d7f0b4cbbf8824883723ad) Importer(815301076,1909f56bfc062723c751e8b465ee728b)
Start importing Assets/Amusement Park/Models/Attractions/Other Rides/RoadTrain_B.fbx using Guid(b0c87dbbc4d7f0b4cbbf8824883723ad) Importer(815301076,1909f56bfc062723c751e8b465ee728b)  -> (artifact id: 'e486660105e4bfa4562de058ae96ddd0') in 0.049919 seconds 
  Import took 0.061238 seconds .

========================================================================
Received Import Request.
  Time since last request: 0.375894 seconds.
  path: Assets/Amusement Park/Models/Attractions/Other Rides/RoadTrain_A.fbx
  artifactKey: Guid(65f5c27ca91419644800a559dda9471b) Importer(815301076,1909f56bfc062723c751e8b465ee728b)
Start importing Assets/Amusement Park/Models/Attractions/Other Rides/RoadTrain_A.fbx using Guid(65f5c27ca91419644800a559dda9471b) Importer(815301076,1909f56bfc062723c751e8b465ee728b)  -> (artifact id: '578c57a9e1a1f4c4183054aa5a72c514') in 0.050593 seconds 
  Import took 0.057200 seconds .

========================================================================
Received Import Request.
  Time since last request: 0.406039 seconds.
  path: Assets/Amusement Park/Models/Attractions/Other Rides/FerrisWheel.fbx
  artifactKey: Guid(75cc5c781b34a7f43a65c9108be401ed) Importer(815301076,1909f56bfc062723c751e8b465ee728b)
Start importing Assets/Amusement Park/Models/Attractions/Other Rides/FerrisWheel.fbx using Guid(75cc5c781b34a7f43a65c9108be401ed) Importer(815301076,1909f56bfc062723c751e8b465ee728b)  -> (artifact id: 'dbd727c4b7cffcc78bd2e14009865074') in 0.101882 seconds 
  Import took 0.108511 seconds .

========================================================================
Received Import Request.
  Time since last request: 43.266082 seconds.
  path: Assets/Amusement Park/Models/Attractions/Other Rides
  artifactKey: Guid(aa1a52703a105d54fadb38ebded691fb) Importer(815301076,1909f56bfc062723c751e8b465ee728b)
Start importing Assets/Amusement Park/Models/Attractions/Other Rides using Guid(aa1a52703a105d54fadb38ebded691fb) Importer(815301076,1909f56bfc062723c751e8b465ee728b)  -> (artifact id: '89ee43e988f36a0d809ec8b59f26627b') in 0.007837 seconds 
  Import took 0.013740 seconds .

========================================================================
Received Import Request.
  Time since last request: 1.188173 seconds.
  path: Assets/Amusement Park/Models/Attractions/Roller Coaster
  artifactKey: Guid(4c0ae086b55379c45ad149f3e006f399) Importer(815301076,1909f56bfc062723c751e8b465ee728b)
Start importing Assets/Amusement Park/Models/Attractions/Roller Coaster using Guid(4c0ae086b55379c45ad149f3e006f399) Importer(815301076,1909f56bfc062723c751e8b465ee728b)  -> (artifact id: '9f1c4052324277b2c1d07c83f4b14bb1') in 0.006692 seconds 
  Import took 0.012085 seconds .

========================================================================
Received Import Request.
  Time since last request: 20.020152 seconds.
  path: Assets/Amusement Park/Third Party Assets/Runemark Studio
  artifactKey: Guid(86913a678b6dc7140b171b07dc530344) Importer(815301076,1909f56bfc062723c751e8b465ee728b)
Start importing Assets/Amusement Park/Third Party Assets/Runemark Studio using Guid(86913a678b6dc7140b171b07dc530344) Importer(815301076,1909f56bfc062723c751e8b465ee728b)  -> (artifact id: 'b124ffbb3c960ee4a6899eeb7c427c68') in 0.008747 seconds 
  Import took 0.015699 seconds .

========================================================================
Received Import Request.
  Time since last request: 5.547614 seconds.
  path: Assets/Amusement Park/Third Party Assets/Runemark Studio/Freebies/PolyDesert Mobile/Prefabs/rock08_m.prefab
  artifactKey: Guid(caaa7ae63a9ddff43a592237cf4c65fc) Importer(815301076,1909f56bfc062723c751e8b465ee728b)
Start importing Assets/Amusement Park/Third Party Assets/Runemark Studio/Freebies/PolyDesert Mobile/Prefabs/rock08_m.prefab using Guid(caaa7ae63a9ddff43a592237cf4c65fc) Importer(815301076,1909f56bfc062723c751e8b465ee728b)  -> (artifact id: '422f881e1897003bc127850fd0795ab0') in 0.027377 seconds 
  Import took 0.032826 seconds .

========================================================================
Received Import Request.
  Time since last request: 3.124117 seconds.
  path: Assets/Amusement Park/Third Party Assets/Runemark Studio/Freebies/Polygon Desert Pack/Prefabs/Cactus1.prefab
  artifactKey: Guid(575780dd1f55b7941803be0767c1e36e) Importer(815301076,1909f56bfc062723c751e8b465ee728b)
Start importing Assets/Amusement Park/Third Party Assets/Runemark Studio/Freebies/Polygon Desert Pack/Prefabs/Cactus1.prefab using Guid(575780dd1f55b7941803be0767c1e36e) Importer(815301076,1909f56bfc062723c751e8b465ee728b)  -> (artifact id: 'c182f16e3d0ad9a386c67ed0630a1797') in 0.037312 seconds 
  Import took 0.043122 seconds .

========================================================================
Received Import Request.
  Time since last request: 21.259640 seconds.
  path: Assets/Amusement Park/Third Party Assets/POLY STYLE - Vegetation Pack/Mode/Scene.fbx
  artifactKey: Guid(1e4b37dee538fa643a1b61b19e1ff33c) Importer(815301076,1909f56bfc062723c751e8b465ee728b)
Start importing Assets/Amusement Park/Third Party Assets/POLY STYLE - Vegetation Pack/Mode/Scene.fbx using Guid(1e4b37dee538fa643a1b61b19e1ff33c) Importer(815301076,1909f56bfc062723c751e8b465ee728b)  -> (artifact id: 'ea4e96a38a0eb3243ee43096ab81658f') in 0.477521 seconds 
  Import took 0.483874 seconds .

========================================================================
Received Import Request.
  Time since last request: 24.028565 seconds.
  path: Assets/Amusement Park/Prefabs/Attractions/Cable Railway/Cable_Railway_Cabin_1.prefab
  artifactKey: Guid(b049c1b1975006f4a9cce875059a3d5c) Importer(815301076,1909f56bfc062723c751e8b465ee728b)
Start importing Assets/Amusement Park/Prefabs/Attractions/Cable Railway/Cable_Railway_Cabin_1.prefab using Guid(b049c1b1975006f4a9cce875059a3d5c) Importer(815301076,1909f56bfc062723c751e8b465ee728b)  -> (artifact id: '6c76d934156ce3443034359d8cea2729') in 0.031172 seconds 
  Import took 0.040407 seconds .

========================================================================
Received Import Request.
  Time since last request: 0.631698 seconds.
  path: Assets/Amusement Park/Prefabs/Attractions/Cable Railway/Cable_Railway_A.prefab
  artifactKey: Guid(bf350cee626ac6346a6a32e08e3a104c) Importer(815301076,1909f56bfc062723c751e8b465ee728b)
Start importing Assets/Amusement Park/Prefabs/Attractions/Cable Railway/Cable_Railway_A.prefab using Guid(bf350cee626ac6346a6a32e08e3a104c) Importer(815301076,1909f56bfc062723c751e8b465ee728b)  -> (artifact id: 'c14bf0630de15c5818314b15470b159a') in 0.031008 seconds 
  Import took 0.036915 seconds .

========================================================================
Received Import Request.
  Time since last request: 0.670379 seconds.
  path: Assets/Amusement Park/Prefabs/Attractions/Cable Railway/Cable_Railway_C_Left.prefab
  artifactKey: Guid(400881747339bc94c8bc0211c6a7af3f) Importer(815301076,1909f56bfc062723c751e8b465ee728b)
Start importing Assets/Amusement Park/Prefabs/Attractions/Cable Railway/Cable_Railway_C_Left.prefab using Guid(400881747339bc94c8bc0211c6a7af3f) Importer(815301076,1909f56bfc062723c751e8b465ee728b)  -> (artifact id: '281a3416d9da75ab69bf02075fc81ae9') in 0.036056 seconds 
  Import took 0.042386 seconds .

========================================================================
Received Import Request.
  Time since last request: 0.584496 seconds.
  path: Assets/Amusement Park/Prefabs/Attractions/Cable Railway/Cable_Railway_Cabin_2.prefab
  artifactKey: Guid(c6eb0689ed80fb4428537d0fa39c87cb) Importer(815301076,1909f56bfc062723c751e8b465ee728b)
Start importing Assets/Amusement Park/Prefabs/Attractions/Cable Railway/Cable_Railway_Cabin_2.prefab using Guid(c6eb0689ed80fb4428537d0fa39c87cb) Importer(815301076,1909f56bfc062723c751e8b465ee728b)  -> (artifact id: 'a5cfb6e8f4e689bcc524d718e55c3cf7') in 0.029057 seconds 
  Import took 0.037932 seconds .

========================================================================
Received Import Request.
  Time since last request: 1.185635 seconds.
  path: Assets/Amusement Park/Prefabs/Attractions/Cable Railway/Cable_Railway_Cabin_3.prefab
  artifactKey: Guid(835607479b1495c47802904a01bb0edc) Importer(815301076,1909f56bfc062723c751e8b465ee728b)
Start importing Assets/Amusement Park/Prefabs/Attractions/Cable Railway/Cable_Railway_Cabin_3.prefab using Guid(835607479b1495c47802904a01bb0edc) Importer(815301076,1909f56bfc062723c751e8b465ee728b)  -> (artifact id: '5ab662e7f3b28a75ba7b44133508e3ee') in 0.034411 seconds 
  Import took 0.042738 seconds .

========================================================================
Received Import Request.
  Time since last request: 2.008751 seconds.
  path: Assets/Amusement Park/Prefabs/Attractions/Cable Railway/Cable_Railway_Station.prefab
  artifactKey: Guid(e34d7590c39abe64593a3b9c9aafffa7) Importer(815301076,1909f56bfc062723c751e8b465ee728b)
Start importing Assets/Amusement Park/Prefabs/Attractions/Cable Railway/Cable_Railway_Station.prefab using Guid(e34d7590c39abe64593a3b9c9aafffa7) Importer(815301076,1909f56bfc062723c751e8b465ee728b)  -> (artifact id: '390e2e9aa8bf8ee04fdf66e20f84f2aa') in 0.032358 seconds 
  Import took 0.040931 seconds .

========================================================================
Received Import Request.
  Time since last request: 0.751987 seconds.
  path: Assets/Amusement Park/Prefabs/Attractions/Cable Railway/Cable_Railway_Cabin_4.prefab
  artifactKey: Guid(b776a183647da844bab7d5015b35521f) Importer(815301076,1909f56bfc062723c751e8b465ee728b)
Start importing Assets/Amusement Park/Prefabs/Attractions/Cable Railway/Cable_Railway_Cabin_4.prefab using Guid(b776a183647da844bab7d5015b35521f) Importer(815301076,1909f56bfc062723c751e8b465ee728b)  -> (artifact id: 'd270df331e1268fe8566afd7fbf10544') in 0.028457 seconds 
  Import took 0.035762 seconds .

========================================================================
Received Import Request.
  Time since last request: 246.492225 seconds.
  path: Assets/Amusement Park/Prefabs/Attractions
  artifactKey: Guid(c4cfdf0ed991ff34d84c5920a2c07269) Importer(815301076,1909f56bfc062723c751e8b465ee728b)
Start importing Assets/Amusement Park/Prefabs/Attractions using Guid(c4cfdf0ed991ff34d84c5920a2c07269) Importer(815301076,1909f56bfc062723c751e8b465ee728b)  -> (artifact id: 'c54f60dba957c43804a00c5280ce8bbb') in 0.007631 seconds 
  Import took 0.014373 seconds .

========================================================================
Received Import Request.
  Time since last request: 1.882074 seconds.
  path: Assets/Amusement Park/Prefabs/Attractions/Cable Railway
  artifactKey: Guid(038c82929b3964349ba9ca16171c3fb7) Importer(815301076,1909f56bfc062723c751e8b465ee728b)
Start importing Assets/Amusement Park/Prefabs/Attractions/Cable Railway using Guid(038c82929b3964349ba9ca16171c3fb7) Importer(815301076,1909f56bfc062723c751e8b465ee728b)  -> (artifact id: '6b9bc8fa3f1106ee38757bd69032769c') in 0.007671 seconds 
  Import took 0.014720 seconds .

========================================================================
Received Import Request.
  Time since last request: 19.801770 seconds.
  path: Assets/Amusement Park/Prefabs/Attractions/Wave
  artifactKey: Guid(7bfcff3e732c8a945942c91955158ac6) Importer(815301076,1909f56bfc062723c751e8b465ee728b)
Start importing Assets/Amusement Park/Prefabs/Attractions/Wave using Guid(7bfcff3e732c8a945942c91955158ac6) Importer(815301076,1909f56bfc062723c751e8b465ee728b)  -> (artifact id: '596425b173cb4116f67de5bad97c671c') in 0.021175 seconds 
  Import took 0.027596 seconds .

========================================================================
Received Import Request.
  Time since last request: 3.299448 seconds.
  path: Assets/Amusement Park/Prefabs/Attractions/Water Ride
  artifactKey: Guid(b1dca3a829a73bb4dad32123c69592f8) Importer(815301076,1909f56bfc062723c751e8b465ee728b)
Start importing Assets/Amusement Park/Prefabs/Attractions/Water Ride using Guid(b1dca3a829a73bb4dad32123c69592f8) Importer(815301076,1909f56bfc062723c751e8b465ee728b)  -> (artifact id: '370273fc13f9acff689f4b98db62ca67') in 0.010077 seconds 
  Import took 0.017084 seconds .

========================================================================
Received Import Request.
  Time since last request: 0.486169 seconds.
  path: Assets/Amusement Park/Prefabs/Attractions/Top Spin
  artifactKey: Guid(5ed0d6b785b30884abd75dad7fcde3a1) Importer(815301076,1909f56bfc062723c751e8b465ee728b)
Start importing Assets/Amusement Park/Prefabs/Attractions/Top Spin using Guid(5ed0d6b785b30884abd75dad7fcde3a1) Importer(815301076,1909f56bfc062723c751e8b465ee728b)  -> (artifact id: 'b2cc61fb7d162128061f8f9b718e94b4') in 0.008492 seconds 
  Import took 0.014146 seconds .

========================================================================
Received Import Request.
  Time since last request: 0.603892 seconds.
  path: Assets/Amusement Park/Prefabs/Attractions/Ship Ride
  artifactKey: Guid(fde5d4e637dee4d4b98e617657c46c18) Importer(815301076,1909f56bfc062723c751e8b465ee728b)
Start importing Assets/Amusement Park/Prefabs/Attractions/Ship Ride using Guid(fde5d4e637dee4d4b98e617657c46c18) Importer(815301076,1909f56bfc062723c751e8b465ee728b)  -> (artifact id: 'f53a219f3e2e1fb3e4aa7345c42aa1f4') in 0.008574 seconds 
  Import took 0.013977 seconds .

========================================================================
Received Import Request.
  Time since last request: 1.271713 seconds.
  path: Assets/Amusement Park/Prefabs/Attractions/Roller Coaster
  artifactKey: Guid(d5dcfd693400da7459f831cd10f009ba) Importer(815301076,1909f56bfc062723c751e8b465ee728b)
Start importing Assets/Amusement Park/Prefabs/Attractions/Roller Coaster using Guid(d5dcfd693400da7459f831cd10f009ba) Importer(815301076,1909f56bfc062723c751e8b465ee728b)  -> (artifact id: '8aa499961b308ba507ab430ac1a05519') in 0.007430 seconds 
  Import took 0.013182 seconds .

========================================================================
Received Import Request.
  Time since last request: 0.418815 seconds.
  path: Assets/Amusement Park/Prefabs/Attractions/Other Rides
  artifactKey: Guid(824521f55f1b1b5458f0121fb792f81e) Importer(815301076,1909f56bfc062723c751e8b465ee728b)
Start importing Assets/Amusement Park/Prefabs/Attractions/Other Rides using Guid(824521f55f1b1b5458f0121fb792f81e) Importer(815301076,1909f56bfc062723c751e8b465ee728b)  -> (artifact id: 'f28d8651ee1f8160bb4d0f4fe2cf7610') in 0.006517 seconds 
  Import took 0.013785 seconds .

========================================================================
Received Import Request.
  Time since last request: 2.079573 seconds.
  path: Assets/Amusement Park/Prefabs/Attractions/Other Rides/Road Train.prefab
  artifactKey: Guid(637aef7e8c8ae0d48b374915a4e967fb) Importer(815301076,1909f56bfc062723c751e8b465ee728b)
Start importing Assets/Amusement Park/Prefabs/Attractions/Other Rides/Road Train.prefab using Guid(637aef7e8c8ae0d48b374915a4e967fb) Importer(815301076,1909f56bfc062723c751e8b465ee728b)  -> (artifact id: '6a4e0f332667905bc10b65debcc5fe0f') in 0.037494 seconds 
  Import took 0.043483 seconds .

========================================================================
Received Import Request.
  Time since last request: 1.073083 seconds.
  path: Assets/Amusement Park/Prefabs/Attractions/Other Rides/RoadTrain_B.prefab
  artifactKey: Guid(909bdcb4e9661514faa4517505b2392a) Importer(815301076,1909f56bfc062723c751e8b465ee728b)
Start importing Assets/Amusement Park/Prefabs/Attractions/Other Rides/RoadTrain_B.prefab using Guid(909bdcb4e9661514faa4517505b2392a) Importer(815301076,1909f56bfc062723c751e8b465ee728b)  -> (artifact id: 'd8e0d370038e1ea805af44dd9429ab23') in 0.021384 seconds 
  Import took 0.028041 seconds .

========================================================================
Received Import Request.
  Time since last request: 0.538185 seconds.
  path: Assets/Amusement Park/Prefabs/Attractions/Other Rides/RoadTrain_E.prefab
  artifactKey: Guid(a5701cbc930133d4c94b4d71664d2fce) Importer(815301076,1909f56bfc062723c751e8b465ee728b)
Start importing Assets/Amusement Park/Prefabs/Attractions/Other Rides/RoadTrain_E.prefab using Guid(a5701cbc930133d4c94b4d71664d2fce) Importer(815301076,1909f56bfc062723c751e8b465ee728b)  -> (artifact id: '4665663dd0bf4ebb728cb5eb231f8edc') in 0.034423 seconds 
  Import took 0.040591 seconds .

========================================================================
Received Import Request.
  Time since last request: 32.076118 seconds.
  path: Assets/Prefab/Roller Coaster.prefab
  artifactKey: Guid(f5e22a0b58a407c40beece9a6708e84f) Importer(815301076,1909f56bfc062723c751e8b465ee728b)
Start importing Assets/Prefab/Roller Coaster.prefab using Guid(f5e22a0b58a407c40beece9a6708e84f) Importer(815301076,1909f56bfc062723c751e8b465ee728b)  -> (artifact id: '59f154da8676164fb6cfbb14aa3681d8') in 0.111197 seconds 
  Import took 0.119045 seconds .

========================================================================
Received Import Request.
  Time since last request: 8.666328 seconds.
  path: Assets/Prefab/ShipRide.prefab
  artifactKey: Guid(3326dbe567a5f664489212a192a457c0) Importer(815301076,1909f56bfc062723c751e8b465ee728b)
Start importing Assets/Prefab/ShipRide.prefab using Guid(3326dbe567a5f664489212a192a457c0) Importer(815301076,1909f56bfc062723c751e8b465ee728b)  -> (artifact id: '7a8e8ba752691faa59e64549829670e7') in 0.049276 seconds 
  Import took 0.056028 seconds .

========================================================================
Received Import Request.
  Time since last request: 7.370592 seconds.
  path: Assets/Prefab/Wave.prefab
  artifactKey: Guid(859fa89a3c7bdae4393bb14f0ae77642) Importer(815301076,1909f56bfc062723c751e8b465ee728b)
Start importing Assets/Prefab/Wave.prefab using Guid(859fa89a3c7bdae4393bb14f0ae77642) Importer(815301076,1909f56bfc062723c751e8b465ee728b)  -> (artifact id: '1f779a395d95f4d7de528fa2abfbaae8') in 0.046819 seconds 
  Import took 0.054049 seconds .

========================================================================
Received Import Request.
  Time since last request: 7.215050 seconds.
  path: Assets/Prefab/TopSpin.prefab
  artifactKey: Guid(5b273062575834945875685f3f57476b) Importer(815301076,1909f56bfc062723c751e8b465ee728b)
Start importing Assets/Prefab/TopSpin.prefab using Guid(5b273062575834945875685f3f57476b) Importer(815301076,1909f56bfc062723c751e8b465ee728b)  -> (artifact id: 'bf33d0b8ebe000fb16e29e8cb637e582') in 0.068685 seconds 
  Import took 0.074854 seconds .

========================================================================
Received Import Request.
  Time since last request: 11.674136 seconds.
  path: Assets/Prefab/Tower_Ride.prefab
  artifactKey: Guid(73fdacd7efff97b4b82bbbd14ab6dc11) Importer(815301076,1909f56bfc062723c751e8b465ee728b)
Start importing Assets/Prefab/Tower_Ride.prefab using Guid(73fdacd7efff97b4b82bbbd14ab6dc11) Importer(815301076,1909f56bfc062723c751e8b465ee728b)  -> (artifact id: 'b87b7adcd199250d7c6c0bb9c8bf697d') in 0.057810 seconds 
  Import took 0.063976 seconds .

========================================================================
Received Import Request.
  Time since last request: 8.241894 seconds.
  path: Assets/Prefab/FerrisWheel.prefab
  artifactKey: Guid(35ee1bbfbbb499248833814604ad7750) Importer(815301076,1909f56bfc062723c751e8b465ee728b)
Start importing Assets/Prefab/FerrisWheel.prefab using Guid(35ee1bbfbbb499248833814604ad7750) Importer(815301076,1909f56bfc062723c751e8b465ee728b)  -> (artifact id: 'b7098098e429c9163c96854c2735df51') in 0.046057 seconds 
  Import took 0.053472 seconds .

========================================================================
Received Import Request.
  Time since last request: 101.582796 seconds.
  path: Assets/Prefab/Amusement Park.prefab
  artifactKey: Guid(9a55368c07be4384ab770ce3b4bf3999) Importer(815301076,1909f56bfc062723c751e8b465ee728b)
Start importing Assets/Prefab/Amusement Park.prefab using Guid(9a55368c07be4384ab770ce3b4bf3999) Importer(815301076,1909f56bfc062723c751e8b465ee728b)  -> (artifact id: '859adec6ff1a9742d422cc8aa7693204') in 0.789863 seconds 
  Import took 0.835757 seconds .

========================================================================
Received Prepare
Registering precompiled user dll's ...
Registered in 0.011816 seconds.
Begin MonoManager ReloadAssembly
Native extension for WindowsStandalone target not found
Refreshing native plugins compatible for Editor in 1.93 ms, found 12 plugins.
Preloading 1 native plugins for Editor in 0.09 ms.
Mono: successfully reloaded assembly
- Completed reload, in  1.408 seconds
Domain Reload Profiling:
	ReloadAssembly (1408ms)
		BeginReloadAssembly (150ms)
			ExecutionOrderSort (0ms)
			DisableScriptedObjects (5ms)
			BackupInstance (0ms)
			ReleaseScriptingObjects (0ms)
			CreateAndSetChildDomain (48ms)
		EndReloadAssembly (1178ms)
			LoadAssemblies (122ms)
			RebuildTransferFunctionScriptingTraits (0ms)
			SetupTypeCache (372ms)
			ReleaseScriptCaches (1ms)
			RebuildScriptCaches (47ms)
			SetupLoadedEditorAssemblies (487ms)
				LogAssemblyErrors (0ms)
				InitializePlatformSupportModulesInManaged (4ms)
				SetLoadedEditorAssemblies (1ms)
				RefreshPlugins (2ms)
				BeforeProcessingInitializeOnLoad (71ms)
				ProcessInitializeOnLoadAttributes (374ms)
				ProcessInitializeOnLoadMethodAttributes (28ms)
				AfterProcessingInitializeOnLoad (7ms)
				EditorAssembliesLoaded (0ms)
			ExecutionOrderSort2 (0ms)
			AwakeInstancesAfterBackupRestoration (9ms)
Platform modules already initialized, skipping
Shader 'Oculus/OVRMRCameraFrameLit': fallback shader 'Alpha-Diffuse' not found
Refreshing native plugins compatible for Editor in 1.42 ms, found 12 plugins.
Preloading 1 native plugins for Editor in 0.07 ms.
Unloading 3336 Unused Serialized files (Serialized files now loaded: 0)
System memory in use before: 168.5 MB.
System memory in use after: 168.7 MB.

Unloading 59 unused Assets to reduce memory usage. Loaded Objects now: 3932.
Total: 4.333100 ms (FindLiveObjects: 0.333400 ms CreateObjectMapping: 0.174700 ms MarkObjects: 3.726100 ms  DeleteObjects: 0.098000 ms)

AssetImportParameters requested are different than current active one (requested -> active):
  custom:framework-win-MediaFoundation: 216162199b28c13a410421893ffa2e32 -> 
  custom:video-decoder-ogg-theora: a1e56fd34408186e4bbccfd4996cb3dc -> 
  custom:container-muxer-webm: aa71ff27fc2769a1b78a27578f13a17b -> 
  custom:container-demuxer-webm: 4f35f7cbe854078d1ac9338744f61a02 -> 
  custom:container-demuxer-ogg: 62fdf1f143b41e24485cea50d1cbac27 -> 
  custom:video-encoder-webm-vp8: eb34c28f22e8b96e1ab97ce403110664 -> 
  custom:video-decoder-webm-vp8: 9c59270c3fd7afecdb556c50c9e8de78 -> 
  custom:audio-decoder-ogg-vorbis: bf7c407c2cedff20999df2af8eb42d56 -> 
  custom:audio-encoder-webm-vorbis: bf7c407c2cedff20999df2af8eb42d56 -> 
========================================================================
Received Import Request.
  Time since last request: 391.221096 seconds.
  path: Assets/EnvironmentAssets/Geopipe/Pack02/NYBlock02/Models/NYBlock02.fbx
  artifactKey: Guid(18f01519ec11cfa488d5624509000a45) Importer(815301076,1909f56bfc062723c751e8b465ee728b)
Start importing Assets/EnvironmentAssets/Geopipe/Pack02/NYBlock02/Models/NYBlock02.fbx using Guid(18f01519ec11cfa488d5624509000a45) Importer(815301076,1909f56bfc062723c751e8b465ee728b)  -> (artifact id: 'be7e2c1c7522dec81227b15e1f9698a0') in 35.928600 seconds 
  Import took 36.074962 seconds .

========================================================================
Received Import Request.
  Time since last request: 0.000306 seconds.
  path: Assets/Amusement Park
  artifactKey: Guid(7d2ae50baebfe5649ba1f143b1c968bf) Importer(815301076,1909f56bfc062723c751e8b465ee728b)
Start importing Assets/Amusement Park using Guid(7d2ae50baebfe5649ba1f143b1c968bf) Importer(815301076,1909f56bfc062723c751e8b465ee728b)  -> (artifact id: '76dcc27cfa627567cb04670c30bdffb3') in 0.005494 seconds 
  Import took 0.011773 seconds .

========================================================================
Received Prepare
Registering precompiled user dll's ...
Registered in 0.640483 seconds.
Begin MonoManager ReloadAssembly
Native extension for WindowsStandalone target not found
Refreshing native plugins compatible for Editor in 1.72 ms, found 12 plugins.
Preloading 1 native plugins for Editor in 0.11 ms.
Mono: successfully reloaded assembly
- Completed reload, in  1.772 seconds
Domain Reload Profiling:
	ReloadAssembly (1773ms)
		BeginReloadAssembly (199ms)
			ExecutionOrderSort (0ms)
			DisableScriptedObjects (8ms)
			BackupInstance (0ms)
			ReleaseScriptingObjects (0ms)
			CreateAndSetChildDomain (87ms)
		EndReloadAssembly (1483ms)
			LoadAssemblies (138ms)
			RebuildTransferFunctionScriptingTraits (0ms)
			SetupTypeCache (451ms)
			ReleaseScriptCaches (1ms)
			RebuildScriptCaches (57ms)
			SetupLoadedEditorAssemblies (561ms)
				LogAssemblyErrors (0ms)
				InitializePlatformSupportModulesInManaged (5ms)
				SetLoadedEditorAssemblies (1ms)
				RefreshPlugins (2ms)
				BeforeProcessingInitializeOnLoad (88ms)
				ProcessInitializeOnLoadAttributes (422ms)
				ProcessInitializeOnLoadMethodAttributes (34ms)
				AfterProcessingInitializeOnLoad (9ms)
				EditorAssembliesLoaded (0ms)
			ExecutionOrderSort2 (0ms)
			AwakeInstancesAfterBackupRestoration (12ms)
Platform modules already initialized, skipping
Shader 'Oculus/OVRMRCameraFrameLit': fallback shader 'Alpha-Diffuse' not found
Refreshing native plugins compatible for Editor in 1.25 ms, found 12 plugins.
Preloading 1 native plugins for Editor in 0.06 ms.
Unloading 3336 Unused Serialized files (Serialized files now loaded: 0)
System memory in use before: 191.7 MB.
System memory in use after: 191.9 MB.

Unloading 59 unused Assets to reduce memory usage. Loaded Objects now: 3936.
Total: 3.628800 ms (FindLiveObjects: 0.294300 ms CreateObjectMapping: 0.145900 ms MarkObjects: 3.093000 ms  DeleteObjects: 0.094600 ms)

AssetImportParameters requested are different than current active one (requested -> active):
  custom:framework-win-MediaFoundation: 216162199b28c13a410421893ffa2e32 -> 
  custom:video-decoder-ogg-theora: a1e56fd34408186e4bbccfd4996cb3dc -> 
  custom:container-muxer-webm: aa71ff27fc2769a1b78a27578f13a17b -> 
  custom:container-demuxer-webm: 4f35f7cbe854078d1ac9338744f61a02 -> 
  custom:container-demuxer-ogg: 62fdf1f143b41e24485cea50d1cbac27 -> 
  custom:video-encoder-webm-vp8: eb34c28f22e8b96e1ab97ce403110664 -> 
  custom:video-decoder-webm-vp8: 9c59270c3fd7afecdb556c50c9e8de78 -> 
  custom:audio-decoder-ogg-vorbis: bf7c407c2cedff20999df2af8eb42d56 -> 
  custom:audio-encoder-webm-vorbis: bf7c407c2cedff20999df2af8eb42d56 -> 
========================================================================
Received Prepare
Registering precompiled user dll's ...
Registered in 0.009843 seconds.
Begin MonoManager ReloadAssembly
Native extension for WindowsStandalone target not found
Refreshing native plugins compatible for Editor in 2.47 ms, found 12 plugins.
Preloading 1 native plugins for Editor in 0.08 ms.
Mono: successfully reloaded assembly
- Completed reload, in  1.145 seconds
Domain Reload Profiling:
	ReloadAssembly (1145ms)
		BeginReloadAssembly (110ms)
			ExecutionOrderSort (0ms)
			DisableScriptedObjects (5ms)
			BackupInstance (0ms)
			ReleaseScriptingObjects (0ms)
			CreateAndSetChildDomain (35ms)
		EndReloadAssembly (975ms)
			LoadAssemblies (91ms)
			RebuildTransferFunctionScriptingTraits (0ms)
			SetupTypeCache (292ms)
			ReleaseScriptCaches (1ms)
			RebuildScriptCaches (38ms)
			SetupLoadedEditorAssemblies (413ms)
				LogAssemblyErrors (0ms)
				InitializePlatformSupportModulesInManaged (5ms)
				SetLoadedEditorAssemblies (1ms)
				RefreshPlugins (3ms)
				BeforeProcessingInitializeOnLoad (68ms)
				ProcessInitializeOnLoadAttributes (307ms)
				ProcessInitializeOnLoadMethodAttributes (23ms)
				AfterProcessingInitializeOnLoad (6ms)
				EditorAssembliesLoaded (0ms)
			ExecutionOrderSort2 (0ms)
			AwakeInstancesAfterBackupRestoration (7ms)
Platform modules already initialized, skipping
Shader 'Oculus/OVRMRCameraFrameLit': fallback shader 'Alpha-Diffuse' not found
Refreshing native plugins compatible for Editor in 1.21 ms, found 12 plugins.
Preloading 1 native plugins for Editor in 0.06 ms.
Unloading 3336 Unused Serialized files (Serialized files now loaded: 0)
System memory in use before: 191.8 MB.
System memory in use after: 192.0 MB.

Unloading 59 unused Assets to reduce memory usage. Loaded Objects now: 3939.
Total: 3.882500 ms (FindLiveObjects: 0.324900 ms CreateObjectMapping: 0.134400 ms MarkObjects: 3.325200 ms  DeleteObjects: 0.097000 ms)

AssetImportParameters requested are different than current active one (requested -> active):
  custom:framework-win-MediaFoundation: 216162199b28c13a410421893ffa2e32 -> 
  custom:video-decoder-ogg-theora: a1e56fd34408186e4bbccfd4996cb3dc -> 
  custom:container-muxer-webm: aa71ff27fc2769a1b78a27578f13a17b -> 
  custom:container-demuxer-webm: 4f35f7cbe854078d1ac9338744f61a02 -> 
  custom:container-demuxer-ogg: 62fdf1f143b41e24485cea50d1cbac27 -> 
  custom:video-encoder-webm-vp8: eb34c28f22e8b96e1ab97ce403110664 -> 
  custom:video-decoder-webm-vp8: 9c59270c3fd7afecdb556c50c9e8de78 -> 
  custom:audio-decoder-ogg-vorbis: bf7c407c2cedff20999df2af8eb42d56 -> 
  custom:audio-encoder-webm-vorbis: bf7c407c2cedff20999df2af8eb42d56 -> 
========================================================================
Received Prepare
Registering precompiled user dll's ...
Registered in 0.011906 seconds.
Begin MonoManager ReloadAssembly
Native extension for WindowsStandalone target not found
Refreshing native plugins compatible for Editor in 1.45 ms, found 12 plugins.
Preloading 1 native plugins for Editor in 0.11 ms.
Mono: successfully reloaded assembly
- Completed reload, in  1.442 seconds
Domain Reload Profiling:
	ReloadAssembly (1442ms)
		BeginReloadAssembly (141ms)
			ExecutionOrderSort (0ms)
			DisableScriptedObjects (6ms)
			BackupInstance (0ms)
			ReleaseScriptingObjects (0ms)
			CreateAndSetChildDomain (42ms)
		EndReloadAssembly (1219ms)
			LoadAssemblies (119ms)
			RebuildTransferFunctionScriptingTraits (0ms)
			SetupTypeCache (392ms)
			ReleaseScriptCaches (1ms)
			RebuildScriptCaches (49ms)
			SetupLoadedEditorAssemblies (505ms)
				LogAssemblyErrors (0ms)
				InitializePlatformSupportModulesInManaged (5ms)
				SetLoadedEditorAssemblies (0ms)
				RefreshPlugins (2ms)
				BeforeProcessingInitializeOnLoad (74ms)
				ProcessInitializeOnLoadAttributes (386ms)
				ProcessInitializeOnLoadMethodAttributes (30ms)
				AfterProcessingInitializeOnLoad (8ms)
				EditorAssembliesLoaded (0ms)
			ExecutionOrderSort2 (0ms)
			AwakeInstancesAfterBackupRestoration (11ms)
Platform modules already initialized, skipping
Shader 'Oculus/OVRMRCameraFrameLit': fallback shader 'Alpha-Diffuse' not found
Refreshing native plugins compatible for Editor in 1.53 ms, found 12 plugins.
Preloading 1 native plugins for Editor in 0.09 ms.
Unloading 3336 Unused Serialized files (Serialized files now loaded: 0)
System memory in use before: 191.8 MB.
System memory in use after: 192.1 MB.

Unloading 59 unused Assets to reduce memory usage. Loaded Objects now: 3942.
Total: 4.653400 ms (FindLiveObjects: 0.509100 ms CreateObjectMapping: 0.235200 ms MarkObjects: 3.788600 ms  DeleteObjects: 0.118800 ms)

AssetImportParameters requested are different than current active one (requested -> active):
  custom:framework-win-MediaFoundation: 216162199b28c13a410421893ffa2e32 -> 
  custom:video-decoder-ogg-theora: a1e56fd34408186e4bbccfd4996cb3dc -> 
  custom:container-muxer-webm: aa71ff27fc2769a1b78a27578f13a17b -> 
  custom:container-demuxer-webm: 4f35f7cbe854078d1ac9338744f61a02 -> 
  custom:container-demuxer-ogg: 62fdf1f143b41e24485cea50d1cbac27 -> 
  custom:video-encoder-webm-vp8: eb34c28f22e8b96e1ab97ce403110664 -> 
  custom:video-decoder-webm-vp8: 9c59270c3fd7afecdb556c50c9e8de78 -> 
  custom:audio-decoder-ogg-vorbis: bf7c407c2cedff20999df2af8eb42d56 -> 
  custom:audio-encoder-webm-vorbis: bf7c407c2cedff20999df2af8eb42d56 -> 
========================================================================
Received Prepare
Registering precompiled user dll's ...
Registered in 0.016259 seconds.
Begin MonoManager ReloadAssembly
Native extension for WindowsStandalone target not found
Refreshing native plugins compatible for Editor in 1.32 ms, found 12 plugins.
Preloading 1 native plugins for Editor in 0.08 ms.
Mono: successfully reloaded assembly
- Completed reload, in  1.189 seconds
Domain Reload Profiling:
	ReloadAssembly (1190ms)
		BeginReloadAssembly (112ms)
			ExecutionOrderSort (0ms)
			DisableScriptedObjects (4ms)
			BackupInstance (0ms)
			ReleaseScriptingObjects (0ms)
			CreateAndSetChildDomain (34ms)
		EndReloadAssembly (995ms)
			LoadAssemblies (92ms)
			RebuildTransferFunctionScriptingTraits (0ms)
			SetupTypeCache (322ms)
			ReleaseScriptCaches (1ms)
			RebuildScriptCaches (42ms)
			SetupLoadedEditorAssemblies (409ms)
				LogAssemblyErrors (0ms)
				InitializePlatformSupportModulesInManaged (4ms)
				SetLoadedEditorAssemblies (0ms)
				RefreshPlugins (1ms)
				BeforeProcessingInitializeOnLoad (62ms)
				ProcessInitializeOnLoadAttributes (311ms)
				ProcessInitializeOnLoadMethodAttributes (22ms)
				AfterProcessingInitializeOnLoad (7ms)
				EditorAssembliesLoaded (0ms)
			ExecutionOrderSort2 (0ms)
			AwakeInstancesAfterBackupRestoration (8ms)
Platform modules already initialized, skipping
Shader 'Oculus/OVRMRCameraFrameLit': fallback shader 'Alpha-Diffuse' not found
Refreshing native plugins compatible for Editor in 2.01 ms, found 12 plugins.
Preloading 1 native plugins for Editor in 0.13 ms.
Unloading 3336 Unused Serialized files (Serialized files now loaded: 0)
System memory in use before: 191.9 MB.
System memory in use after: 192.1 MB.

Unloading 59 unused Assets to reduce memory usage. Loaded Objects now: 3945.
Total: 5.690100 ms (FindLiveObjects: 0.345200 ms CreateObjectMapping: 0.168900 ms MarkObjects: 4.950600 ms  DeleteObjects: 0.222600 ms)

AssetImportParameters requested are different than current active one (requested -> active):
  custom:framework-win-MediaFoundation: 216162199b28c13a410421893ffa2e32 -> 
  custom:video-decoder-ogg-theora: a1e56fd34408186e4bbccfd4996cb3dc -> 
  custom:container-muxer-webm: aa71ff27fc2769a1b78a27578f13a17b -> 
  custom:container-demuxer-webm: 4f35f7cbe854078d1ac9338744f61a02 -> 
  custom:container-demuxer-ogg: 62fdf1f143b41e24485cea50d1cbac27 -> 
  custom:video-encoder-webm-vp8: eb34c28f22e8b96e1ab97ce403110664 -> 
  custom:video-decoder-webm-vp8: 9c59270c3fd7afecdb556c50c9e8de78 -> 
  custom:audio-decoder-ogg-vorbis: bf7c407c2cedff20999df2af8eb42d56 -> 
  custom:audio-encoder-webm-vorbis: bf7c407c2cedff20999df2af8eb42d56 -> 
AssetImportWorkerClient::OnTransportError - code=2 error=End of file
